TN:
SF:/Users/huyingjun/MY_WORK/GitHub/vue-unit-test/src/components/Catalog.vue
FNF:0
FNH:0
DA:45,0
LF:1
LH:0
BRF:0
BRH:0
end_of_record
TN:
SF:/Users/huyingjun/MY_WORK/GitHub/vue-unit-test/src/components/List.vue
FNF:0
FNH:0
DA:57,3
DA:65,3
DA:66,3
DA:70,1
DA:74,3
LF:5
LH:5
BRDA:65,0,0,0
BRDA:65,0,1,3
BRF:2
BRH:1
end_of_record
TN:
SF:/Users/huyingjun/MY_WORK/GitHub/vue-unit-test/src/App.vue
FNF:0
FNH:0
LF:0
LH:0
BRF:0
BRH:0
end_of_record
TN:
SF:/Users/huyingjun/MY_WORK/GitHub/vue-unit-test/src/router/index.js
FNF:0
FNH:0
DA:7,1
LF:1
LH:1
BRF:0
BRH:0
end_of_record
